<?xml version="1.0" encoding="UTF-8"?>
<!-- Generated by org.testng.reporters.JUnitXMLReporter -->
<testsuite ignored="2" hostname="LTIN689364" failures="0" tests="5" name="Test1" time="143.874" errors="0" timestamp="2026-06-04T09:09:55 IST">
  <testcase classname="testCases.TC_001_Identify_Hospitals" name="searchForHospitals" time="13.086"/>
  <testcase classname="testCases.TC_001_Identify_Hospitals" name="collectHospitalLinks" time="0.504"/>
  <testcase classname="testCases.TC_001_Identify_Hospitals" name="validateHospitalDetails" time="82.01"/>
  <testcase classname="testCases.TC_003_CorporateWellnessTest" name="verifyCorporateWellnessDemoForm" time="14.282"/>
  <testcase classname="testCases.TC_002_DiagnosticTest" name="verifyTopCitiesInDiagnosticPage" time="3.784"/>
  <testcase classname="base.BaseClass" name="@BeforeSuite copyEnvFile" time="0.0">
    <ignored/>
  </testcase> <!-- @BeforeSuite copyEnvFile -->
  <testcase classname="base.BaseClass" name="@BeforeSuite copyEnvFile" time="0.0">
    <ignored/>
  </testcase> <!-- @BeforeSuite copyEnvFile -->
</testsuite> <!-- Test1 -->
