<?xml version="1.0" encoding="UTF-8"?>
<!-- Generated by org.testng.reporters.JUnitReportReporter -->
<testsuite hostname="LTIN689364" failures="0" tests="3" name="testCases.TC_001_Identify_Hospitals" time="95.600" errors="0" timestamp="2026-06-04T09:09:55 IST" skipped="0">
  <testcase classname="testCases.TC_001_Identify_Hospitals" name="searchForHospitals" time="13.086"/>
  <testcase classname="testCases.TC_001_Identify_Hospitals" name="collectHospitalLinks" time="0.504"/>
  <testcase classname="testCases.TC_001_Identify_Hospitals" name="validateHospitalDetails" time="82.010"/>
</testsuite> <!-- testCases.TC_001_Identify_Hospitals -->
